Warning: connect.session() MemoryStore is not
designed for a production environment, as it will leak
memory, and will not scale past a single process.
Warning: connect.session() MemoryStore is not
designed for a production environment, as it will leak
memory, and will not scale past a single process.
Warning: connect.session() MemoryStore is not
designed for a production environment, as it will leak
memory, and will not scale past a single process.
Warning: connect.session() MemoryStore is not
designed for a production environment, as it will leak
memory, and will not scale past a single process.
Warning: connect.session() MemoryStore is not
designed for a production environment, as it will leak
memory, and will not scale past a single process.
Warning: connect.session() MemoryStore is not
designed for a production environment, as it will leak
memory, and will not scale past a single process.
Warning: connect.session() MemoryStore is not
designed for a production environment, as it will leak
memory, and will not scale past a single process.
Warning: connect.session() MemoryStore is not
designed for a production environment, as it will leak
memory, and will not scale past a single process.
Warning: connect.session() MemoryStore is not
designed for a production environment, as it will leak
memory, and will not scale past a single process.
Warning: connect.session() MemoryStore is not
designed for a production environment, as it will leak
memory, and will not scale past a single process.
Warning: connect.session() MemoryStore is not
designed for a production environment, as it will leak
memory, and will not scale past a single process.
Warning: connect.session() MemoryStore is not
designed for a production environment, as it will leak
memory, and will not scale past a single process.
Warning: connect.session() MemoryStore is not
designed for a production environment, as it will leak
memory, and will not scale past a single process.
Warning: connect.session() MemoryStore is not
designed for a production environment, as it will leak
memory, and will not scale past a single process.
Warning: connect.session() MemoryStore is not
designed for a production environment, as it will leak
memory, and will not scale past a single process.
Warning: connect.session() MemoryStore is not
designed for a production environment, as it will leak
memory, and will not scale past a single process.
Warning: connect.session() MemoryStore is not
designed for a production environment, as it will leak
memory, and will not scale past a single process.
Warning: connect.session() MemoryStore is not
designed for a production environment, as it will leak
memory, and will not scale past a single process.
Warning: connect.session() MemoryStore is not
designed for a production environment, as it will leak
memory, and will not scale past a single process.
Warning: connect.session() MemoryStore is not
designed for a production environment, as it will leak
memory, and will not scale past a single process.
Warning: connect.session() MemoryStore is not
designed for a production environment, as it will leak
memory, and will not scale past a single process.
Warning: connect.session() MemoryStore is not
designed for a production environment, as it will leak
memory, and will not scale past a single process.
Warning: connect.session() MemoryStore is not
designed for a production environment, as it will leak
memory, and will not scale past a single process.
Warning: connect.session() MemoryStore is not
designed for a production environment, as it will leak
memory, and will not scale past a single process.
Error: Failed to lookup view "error" in views directory "/home/seniorko/testing/views"
    at Function.render (/home/seniorko/nodevenv/testing/14/lib/node_modules/express/lib/application.js:580:17)
    at ServerResponse.render (/home/seniorko/nodevenv/testing/14/lib/node_modules/express/lib/response.js:1008:7)
    at /home/seniorko/testing/app.js:67:7
    at Layer.handle_error (/home/seniorko/nodevenv/testing/14/lib/node_modules/express/lib/router/layer.js:71:5)
    at trim_prefix (/home/seniorko/nodevenv/testing/14/lib/node_modules/express/lib/router/index.js:315:13)
    at /home/seniorko/nodevenv/testing/14/lib/node_modules/express/lib/router/index.js:284:7
    at Function.process_params (/home/seniorko/nodevenv/testing/14/lib/node_modules/express/lib/router/index.js:335:12)
    at next (/home/seniorko/nodevenv/testing/14/lib/node_modules/express/lib/router/index.js:275:10)
    at /home/seniorko/testing/app.js:56:3
    at Layer.handle [as handle_request] (/home/seniorko/nodevenv/testing/14/lib/node_modules/express/lib/router/layer.js:95:5)
Error: Failed to lookup view "error" in views directory "/home/seniorko/testing/views"
    at Function.render (/home/seniorko/nodevenv/testing/14/lib/node_modules/express/lib/application.js:580:17)
    at ServerResponse.render (/home/seniorko/nodevenv/testing/14/lib/node_modules/express/lib/response.js:1008:7)
    at /home/seniorko/testing/app.js:67:7
    at Layer.handle_error (/home/seniorko/nodevenv/testing/14/lib/node_modules/express/lib/router/layer.js:71:5)
    at trim_prefix (/home/seniorko/nodevenv/testing/14/lib/node_modules/express/lib/router/index.js:315:13)
    at /home/seniorko/nodevenv/testing/14/lib/node_modules/express/lib/router/index.js:284:7
    at Function.process_params (/home/seniorko/nodevenv/testing/14/lib/node_modules/express/lib/router/index.js:335:12)
    at next (/home/seniorko/nodevenv/testing/14/lib/node_modules/express/lib/router/index.js:275:10)
    at /home/seniorko/testing/app.js:56:3
    at Layer.handle [as handle_request] (/home/seniorko/nodevenv/testing/14/lib/node_modules/express/lib/router/layer.js:95:5)
Error: Failed to lookup view "error" in views directory "/home/seniorko/testing/views"
    at Function.render (/home/seniorko/nodevenv/testing/14/lib/node_modules/express/lib/application.js:580:17)
    at ServerResponse.render (/home/seniorko/nodevenv/testing/14/lib/node_modules/express/lib/response.js:1008:7)
    at /home/seniorko/testing/app.js:67:7
    at Layer.handle_error (/home/seniorko/nodevenv/testing/14/lib/node_modules/express/lib/router/layer.js:71:5)
    at trim_prefix (/home/seniorko/nodevenv/testing/14/lib/node_modules/express/lib/router/index.js:315:13)
    at /home/seniorko/nodevenv/testing/14/lib/node_modules/express/lib/router/index.js:284:7
    at Function.process_params (/home/seniorko/nodevenv/testing/14/lib/node_modules/express/lib/router/index.js:335:12)
    at next (/home/seniorko/nodevenv/testing/14/lib/node_modules/express/lib/router/index.js:275:10)
    at /home/seniorko/testing/app.js:56:3
    at Layer.handle [as handle_request] (/home/seniorko/nodevenv/testing/14/lib/node_modules/express/lib/router/layer.js:95:5)
Error: Failed to lookup view "error" in views directory "/home/seniorko/testing/views"
    at Function.render (/home/seniorko/nodevenv/testing/14/lib/node_modules/express/lib/application.js:580:17)
    at ServerResponse.render (/home/seniorko/nodevenv/testing/14/lib/node_modules/express/lib/response.js:1008:7)
    at /home/seniorko/testing/app.js:67:7
    at Layer.handle_error (/home/seniorko/nodevenv/testing/14/lib/node_modules/express/lib/router/layer.js:71:5)
    at trim_prefix (/home/seniorko/nodevenv/testing/14/lib/node_modules/express/lib/router/index.js:315:13)
    at /home/seniorko/nodevenv/testing/14/lib/node_modules/express/lib/router/index.js:284:7
    at Function.process_params (/home/seniorko/nodevenv/testing/14/lib/node_modules/express/lib/router/index.js:335:12)
    at next (/home/seniorko/nodevenv/testing/14/lib/node_modules/express/lib/router/index.js:275:10)
    at /home/seniorko/testing/app.js:56:3
    at Layer.handle [as handle_request] (/home/seniorko/nodevenv/testing/14/lib/node_modules/express/lib/router/layer.js:95:5)
Error: Failed to lookup view "error" in views directory "/home/seniorko/testing/views"
    at Function.render (/home/seniorko/nodevenv/testing/14/lib/node_modules/express/lib/application.js:580:17)
    at ServerResponse.render (/home/seniorko/nodevenv/testing/14/lib/node_modules/express/lib/response.js:1008:7)
    at /home/seniorko/testing/app.js:67:7
    at Layer.handle_error (/home/seniorko/nodevenv/testing/14/lib/node_modules/express/lib/router/layer.js:71:5)
    at trim_prefix (/home/seniorko/nodevenv/testing/14/lib/node_modules/express/lib/router/index.js:315:13)
    at /home/seniorko/nodevenv/testing/14/lib/node_modules/express/lib/router/index.js:284:7
    at Function.process_params (/home/seniorko/nodevenv/testing/14/lib/node_modules/express/lib/router/index.js:335:12)
    at next (/home/seniorko/nodevenv/testing/14/lib/node_modules/express/lib/router/index.js:275:10)
    at /home/seniorko/testing/app.js:56:3
    at Layer.handle [as handle_request] (/home/seniorko/nodevenv/testing/14/lib/node_modules/express/lib/router/layer.js:95:5)
node:internal/modules/cjs/loader:936
  throw err;
  ^

Error: Cannot find module 'http-errors'
Require stack:
- /home/seniorko/test/app.js
- /usr/local/lsws/fcgi-bin/lsnode.js
    at Function.Module._resolveFilename (node:internal/modules/cjs/loader:933:15)
    at Function.Module._load (node:internal/modules/cjs/loader:778:27)
    at Module.require (node:internal/modules/cjs/loader:1005:19)
    at require (node:internal/modules/cjs/helpers:102:18)
    at Object.<anonymous> (/home/seniorko/test/app.js:1:21)
    at Module._compile (node:internal/modules/cjs/loader:1105:14)
    at Object.Module._extensions..js (node:internal/modules/cjs/loader:1159:10)
    at Module.load (node:internal/modules/cjs/loader:981:32)
    at Function.Module._load (node:internal/modules/cjs/loader:822:12)
    at Module.require (node:internal/modules/cjs/loader:1005:19) {
  code: 'MODULE_NOT_FOUND',
  requireStack: [
    '/home/seniorko/test/app.js',
    '/usr/local/lsws/fcgi-bin/lsnode.js'
  ]
}
node:internal/modules/cjs/loader:936
  throw err;
  ^

Error: Cannot find module 'http-errors'
Require stack:
- /home/seniorko/test/app.js
- /usr/local/lsws/fcgi-bin/lsnode.js
    at Function.Module._resolveFilename (node:internal/modules/cjs/loader:933:15)
    at Function.Module._load (node:internal/modules/cjs/loader:778:27)
    at Module.require (node:internal/modules/cjs/loader:1005:19)
    at require (node:internal/modules/cjs/helpers:102:18)
    at Object.<anonymous> (/home/seniorko/test/app.js:1:21)
    at Module._compile (node:internal/modules/cjs/loader:1105:14)
    at Object.Module._extensions..js (node:internal/modules/cjs/loader:1159:10)
    at Module.load (node:internal/modules/cjs/loader:981:32)
    at Function.Module._load (node:internal/modules/cjs/loader:822:12)
    at Module.require (node:internal/modules/cjs/loader:1005:19) {
  code: 'MODULE_NOT_FOUND',
  requireStack: [
    '/home/seniorko/test/app.js',
    '/usr/local/lsws/fcgi-bin/lsnode.js'
  ]
}
node:internal/modules/cjs/loader:936
  throw err;
  ^

Error: Cannot find module 'http-errors'
Require stack:
- /home/seniorko/test/app.js
- /usr/local/lsws/fcgi-bin/lsnode.js
    at Function.Module._resolveFilename (node:internal/modules/cjs/loader:933:15)
    at Function.Module._load (node:internal/modules/cjs/loader:778:27)
    at Module.require (node:internal/modules/cjs/loader:1005:19)
    at require (node:internal/modules/cjs/helpers:102:18)
    at Object.<anonymous> (/home/seniorko/test/app.js:1:21)
    at Module._compile (node:internal/modules/cjs/loader:1105:14)
    at Object.Module._extensions..js (node:internal/modules/cjs/loader:1159:10)
    at Module.load (node:internal/modules/cjs/loader:981:32)
    at Function.Module._load (node:internal/modules/cjs/loader:822:12)
    at Module.require (node:internal/modules/cjs/loader:1005:19) {
  code: 'MODULE_NOT_FOUND',
  requireStack: [
    '/home/seniorko/test/app.js',
    '/usr/local/lsws/fcgi-bin/lsnode.js'
  ]
}
Warning: connect.session() MemoryStore is not
designed for a production environment, as it will leak
memory, and will not scale past a single process.
Warning: connect.session() MemoryStore is not
designed for a production environment, as it will leak
memory, and will not scale past a single process.
Warning: connect.session() MemoryStore is not
designed for a production environment, as it will leak
memory, and will not scale past a single process.
Warning: connect.session() MemoryStore is not
designed for a production environment, as it will leak
memory, and will not scale past a single process.
Warning: connect.session() MemoryStore is not
designed for a production environment, as it will leak
memory, and will not scale past a single process.
Warning: connect.session() MemoryStore is not
designed for a production environment, as it will leak
memory, and will not scale past a single process.
Warning: connect.session() MemoryStore is not
designed for a production environment, as it will leak
memory, and will not scale past a single process.
Warning: connect.session() MemoryStore is not
designed for a production environment, as it will leak
memory, and will not scale past a single process.
Warning: connect.session() MemoryStore is not
designed for a production environment, as it will leak
memory, and will not scale past a single process.
Warning: connect.session() MemoryStore is not
designed for a production environment, as it will leak
memory, and will not scale past a single process.
Warning: connect.session() MemoryStore is not
designed for a production environment, as it will leak
memory, and will not scale past a single process.
Warning: connect.session() MemoryStore is not
designed for a production environment, as it will leak
memory, and will not scale past a single process.
Warning: connect.session() MemoryStore is not
designed for a production environment, as it will leak
memory, and will not scale past a single process.
Warning: connect.session() MemoryStore is not
designed for a production environment, as it will leak
memory, and will not scale past a single process.
Warning: connect.session() MemoryStore is not
designed for a production environment, as it will leak
memory, and will not scale past a single process.
Warning: connect.session() MemoryStore is not
designed for a production environment, as it will leak
memory, and will not scale past a single process.
Warning: connect.session() MemoryStore is not
designed for a production environment, as it will leak
memory, and will not scale past a single process.
Warning: connect.session() MemoryStore is not
designed for a production environment, as it will leak
memory, and will not scale past a single process.
Warning: connect.session() MemoryStore is not
designed for a production environment, as it will leak
memory, and will not scale past a single process.
Warning: connect.session() MemoryStore is not
designed for a production environment, as it will leak
memory, and will not scale past a single process.
Warning: connect.session() MemoryStore is not
designed for a production environment, as it will leak
memory, and will not scale past a single process.
Warning: connect.session() MemoryStore is not
designed for a production environment, as it will leak
memory, and will not scale past a single process.
Warning: connect.session() MemoryStore is not
designed for a production environment, as it will leak
memory, and will not scale past a single process.
Warning: connect.session() MemoryStore is not
designed for a production environment, as it will leak
memory, and will not scale past a single process.
Warning: connect.session() MemoryStore is not
designed for a production environment, as it will leak
memory, and will not scale past a single process.
Warning: connect.session() MemoryStore is not
designed for a production environment, as it will leak
memory, and will not scale past a single process.
Warning: connect.session() MemoryStore is not
designed for a production environment, as it will leak
memory, and will not scale past a single process.
Warning: connect.session() MemoryStore is not
designed for a production environment, as it will leak
memory, and will not scale past a single process.
Warning: connect.session() MemoryStore is not
designed for a production environment, as it will leak
memory, and will not scale past a single process.
Warning: connect.session() MemoryStore is not
designed for a production environment, as it will leak
memory, and will not scale past a single process.
Error: Failed to lookup view "error" in views directory "/home/seniorko/test/views"
    at Function.render (/home/seniorko/nodevenv/test/16/lib/node_modules/express/lib/application.js:580:17)
    at ServerResponse.render (/home/seniorko/nodevenv/test/16/lib/node_modules/express/lib/response.js:1008:7)
    at /home/seniorko/test/app.js:70:7
    at Layer.handle_error (/home/seniorko/nodevenv/test/16/lib/node_modules/express/lib/router/layer.js:71:5)
    at trim_prefix (/home/seniorko/nodevenv/test/16/lib/node_modules/express/lib/router/index.js:315:13)
    at /home/seniorko/nodevenv/test/16/lib/node_modules/express/lib/router/index.js:284:7
    at Function.process_params (/home/seniorko/nodevenv/test/16/lib/node_modules/express/lib/router/index.js:335:12)
    at next (/home/seniorko/nodevenv/test/16/lib/node_modules/express/lib/router/index.js:275:10)
    at /home/seniorko/test/app.js:59:3
    at Layer.handle [as handle_request] (/home/seniorko/nodevenv/test/16/lib/node_modules/express/lib/router/layer.js:95:5)
Error: Failed to lookup view "error" in views directory "/home/seniorko/test/views"
    at Function.render (/home/seniorko/nodevenv/test/16/lib/node_modules/express/lib/application.js:580:17)
    at ServerResponse.render (/home/seniorko/nodevenv/test/16/lib/node_modules/express/lib/response.js:1008:7)
    at /home/seniorko/test/app.js:70:7
    at Layer.handle_error (/home/seniorko/nodevenv/test/16/lib/node_modules/express/lib/router/layer.js:71:5)
    at trim_prefix (/home/seniorko/nodevenv/test/16/lib/node_modules/express/lib/router/index.js:315:13)
    at /home/seniorko/nodevenv/test/16/lib/node_modules/express/lib/router/index.js:284:7
    at Function.process_params (/home/seniorko/nodevenv/test/16/lib/node_modules/express/lib/router/index.js:335:12)
    at next (/home/seniorko/nodevenv/test/16/lib/node_modules/express/lib/router/index.js:275:10)
    at /home/seniorko/test/app.js:59:3
    at Layer.handle [as handle_request] (/home/seniorko/nodevenv/test/16/lib/node_modules/express/lib/router/layer.js:95:5)
Error: Failed to lookup view "error" in views directory "/home/seniorko/test/views"
    at Function.render (/home/seniorko/nodevenv/test/16/lib/node_modules/express/lib/application.js:580:17)
    at ServerResponse.render (/home/seniorko/nodevenv/test/16/lib/node_modules/express/lib/response.js:1008:7)
    at /home/seniorko/test/app.js:70:7
    at Layer.handle_error (/home/seniorko/nodevenv/test/16/lib/node_modules/express/lib/router/layer.js:71:5)
    at trim_prefix (/home/seniorko/nodevenv/test/16/lib/node_modules/express/lib/router/index.js:315:13)
    at /home/seniorko/nodevenv/test/16/lib/node_modules/express/lib/router/index.js:284:7
    at Function.process_params (/home/seniorko/nodevenv/test/16/lib/node_modules/express/lib/router/index.js:335:12)
    at next (/home/seniorko/nodevenv/test/16/lib/node_modules/express/lib/router/index.js:275:10)
    at /home/seniorko/test/app.js:59:3
    at Layer.handle [as handle_request] (/home/seniorko/nodevenv/test/16/lib/node_modules/express/lib/router/layer.js:95:5)
Error: Failed to lookup view "error" in views directory "/home/seniorko/test/views"
    at Function.render (/home/seniorko/nodevenv/test/16/lib/node_modules/express/lib/application.js:580:17)
    at ServerResponse.render (/home/seniorko/nodevenv/test/16/lib/node_modules/express/lib/response.js:1008:7)
    at /home/seniorko/test/app.js:70:7
    at Layer.handle_error (/home/seniorko/nodevenv/test/16/lib/node_modules/express/lib/router/layer.js:71:5)
    at trim_prefix (/home/seniorko/nodevenv/test/16/lib/node_modules/express/lib/router/index.js:315:13)
    at /home/seniorko/nodevenv/test/16/lib/node_modules/express/lib/router/index.js:284:7
    at Function.process_params (/home/seniorko/nodevenv/test/16/lib/node_modules/express/lib/router/index.js:335:12)
    at next (/home/seniorko/nodevenv/test/16/lib/node_modules/express/lib/router/index.js:275:10)
    at /home/seniorko/test/app.js:59:3
    at Layer.handle [as handle_request] (/home/seniorko/nodevenv/test/16/lib/node_modules/express/lib/router/layer.js:95:5)
Error: Failed to lookup view "error" in views directory "/home/seniorko/test/views"
    at Function.render (/home/seniorko/nodevenv/test/16/lib/node_modules/express/lib/application.js:580:17)
    at ServerResponse.render (/home/seniorko/nodevenv/test/16/lib/node_modules/express/lib/response.js:1008:7)
    at /home/seniorko/test/app.js:70:7
    at Layer.handle_error (/home/seniorko/nodevenv/test/16/lib/node_modules/express/lib/router/layer.js:71:5)
    at trim_prefix (/home/seniorko/nodevenv/test/16/lib/node_modules/express/lib/router/index.js:315:13)
    at /home/seniorko/nodevenv/test/16/lib/node_modules/express/lib/router/index.js:284:7
    at Function.process_params (/home/seniorko/nodevenv/test/16/lib/node_modules/express/lib/router/index.js:335:12)
    at next (/home/seniorko/nodevenv/test/16/lib/node_modules/express/lib/router/index.js:275:10)
    at /home/seniorko/test/app.js:59:3
    at Layer.handle [as handle_request] (/home/seniorko/nodevenv/test/16/lib/node_modules/express/lib/router/layer.js:95:5)
Error: Failed to lookup view "error" in views directory "/home/seniorko/test/views"
    at Function.render (/home/seniorko/nodevenv/test/16/lib/node_modules/express/lib/application.js:580:17)
    at ServerResponse.render (/home/seniorko/nodevenv/test/16/lib/node_modules/express/lib/response.js:1008:7)
    at /home/seniorko/test/app.js:70:7
    at Layer.handle_error (/home/seniorko/nodevenv/test/16/lib/node_modules/express/lib/router/layer.js:71:5)
    at trim_prefix (/home/seniorko/nodevenv/test/16/lib/node_modules/express/lib/router/index.js:315:13)
    at /home/seniorko/nodevenv/test/16/lib/node_modules/express/lib/router/index.js:284:7
    at Function.process_params (/home/seniorko/nodevenv/test/16/lib/node_modules/express/lib/router/index.js:335:12)
    at next (/home/seniorko/nodevenv/test/16/lib/node_modules/express/lib/router/index.js:275:10)
    at /home/seniorko/test/app.js:59:3
    at Layer.handle [as handle_request] (/home/seniorko/nodevenv/test/16/lib/node_modules/express/lib/router/layer.js:95:5)
Error: Failed to lookup view "error" in views directory "/home/seniorko/test/views"
    at Function.render (/home/seniorko/nodevenv/test/16/lib/node_modules/express/lib/application.js:580:17)
    at ServerResponse.render (/home/seniorko/nodevenv/test/16/lib/node_modules/express/lib/response.js:1008:7)
    at /home/seniorko/test/app.js:70:7
    at Layer.handle_error (/home/seniorko/nodevenv/test/16/lib/node_modules/express/lib/router/layer.js:71:5)
    at trim_prefix (/home/seniorko/nodevenv/test/16/lib/node_modules/express/lib/router/index.js:315:13)
    at /home/seniorko/nodevenv/test/16/lib/node_modules/express/lib/router/index.js:284:7
    at Function.process_params (/home/seniorko/nodevenv/test/16/lib/node_modules/express/lib/router/index.js:335:12)
    at next (/home/seniorko/nodevenv/test/16/lib/node_modules/express/lib/router/index.js:275:10)
    at /home/seniorko/test/app.js:59:3
    at Layer.handle [as handle_request] (/home/seniorko/nodevenv/test/16/lib/node_modules/express/lib/router/layer.js:95:5)
Error: Failed to lookup view "error" in views directory "/home/seniorko/test/views"
    at Function.render (/home/seniorko/nodevenv/test/16/lib/node_modules/express/lib/application.js:580:17)
    at ServerResponse.render (/home/seniorko/nodevenv/test/16/lib/node_modules/express/lib/response.js:1008:7)
    at /home/seniorko/test/app.js:70:7
    at Layer.handle_error (/home/seniorko/nodevenv/test/16/lib/node_modules/express/lib/router/layer.js:71:5)
    at trim_prefix (/home/seniorko/nodevenv/test/16/lib/node_modules/express/lib/router/index.js:315:13)
    at /home/seniorko/nodevenv/test/16/lib/node_modules/express/lib/router/index.js:284:7
    at Function.process_params (/home/seniorko/nodevenv/test/16/lib/node_modules/express/lib/router/index.js:335:12)
    at next (/home/seniorko/nodevenv/test/16/lib/node_modules/express/lib/router/index.js:275:10)
    at /home/seniorko/test/app.js:59:3
    at Layer.handle [as handle_request] (/home/seniorko/nodevenv/test/16/lib/node_modules/express/lib/router/layer.js:95:5)
Error: Failed to lookup view "error" in views directory "/home/seniorko/test/views"
    at Function.render (/home/seniorko/nodevenv/test/16/lib/node_modules/express/lib/application.js:580:17)
    at ServerResponse.render (/home/seniorko/nodevenv/test/16/lib/node_modules/express/lib/response.js:1008:7)
    at /home/seniorko/test/app.js:70:7
    at Layer.handle_error (/home/seniorko/nodevenv/test/16/lib/node_modules/express/lib/router/layer.js:71:5)
    at trim_prefix (/home/seniorko/nodevenv/test/16/lib/node_modules/express/lib/router/index.js:315:13)
    at /home/seniorko/nodevenv/test/16/lib/node_modules/express/lib/router/index.js:284:7
    at Function.process_params (/home/seniorko/nodevenv/test/16/lib/node_modules/express/lib/router/index.js:335:12)
    at next (/home/seniorko/nodevenv/test/16/lib/node_modules/express/lib/router/index.js:275:10)
    at /home/seniorko/test/app.js:59:3
    at Layer.handle [as handle_request] (/home/seniorko/nodevenv/test/16/lib/node_modules/express/lib/router/layer.js:95:5)
Error: Failed to lookup view "error" in views directory "/home/seniorko/test/views"
    at Function.render (/home/seniorko/nodevenv/test/16/lib/node_modules/express/lib/application.js:580:17)
    at ServerResponse.render (/home/seniorko/nodevenv/test/16/lib/node_modules/express/lib/response.js:1008:7)
    at /home/seniorko/test/app.js:70:7
    at Layer.handle_error (/home/seniorko/nodevenv/test/16/lib/node_modules/express/lib/router/layer.js:71:5)
    at trim_prefix (/home/seniorko/nodevenv/test/16/lib/node_modules/express/lib/router/index.js:315:13)
    at /home/seniorko/nodevenv/test/16/lib/node_modules/express/lib/router/index.js:284:7
    at Function.process_params (/home/seniorko/nodevenv/test/16/lib/node_modules/express/lib/router/index.js:335:12)
    at next (/home/seniorko/nodevenv/test/16/lib/node_modules/express/lib/router/index.js:275:10)
    at /home/seniorko/test/app.js:59:3
    at Layer.handle [as handle_request] (/home/seniorko/nodevenv/test/16/lib/node_modules/express/lib/router/layer.js:95:5)
Error: Failed to lookup view "error" in views directory "/home/seniorko/test/views"
    at Function.render (/home/seniorko/nodevenv/test/16/lib/node_modules/express/lib/application.js:580:17)
    at ServerResponse.render (/home/seniorko/nodevenv/test/16/lib/node_modules/express/lib/response.js:1008:7)
    at /home/seniorko/test/app.js:70:7
    at Layer.handle_error (/home/seniorko/nodevenv/test/16/lib/node_modules/express/lib/router/layer.js:71:5)
    at trim_prefix (/home/seniorko/nodevenv/test/16/lib/node_modules/express/lib/router/index.js:315:13)
    at /home/seniorko/nodevenv/test/16/lib/node_modules/express/lib/router/index.js:284:7
    at Function.process_params (/home/seniorko/nodevenv/test/16/lib/node_modules/express/lib/router/index.js:335:12)
    at next (/home/seniorko/nodevenv/test/16/lib/node_modules/express/lib/router/index.js:275:10)
    at /home/seniorko/test/app.js:59:3
    at Layer.handle [as handle_request] (/home/seniorko/nodevenv/test/16/lib/node_modules/express/lib/router/layer.js:95:5)
Error: Failed to lookup view "error" in views directory "/home/seniorko/test/views"
    at Function.render (/home/seniorko/nodevenv/test/16/lib/node_modules/express/lib/application.js:580:17)
    at ServerResponse.render (/home/seniorko/nodevenv/test/16/lib/node_modules/express/lib/response.js:1008:7)
    at /home/seniorko/test/app.js:70:7
    at Layer.handle_error (/home/seniorko/nodevenv/test/16/lib/node_modules/express/lib/router/layer.js:71:5)
    at trim_prefix (/home/seniorko/nodevenv/test/16/lib/node_modules/express/lib/router/index.js:315:13)
    at /home/seniorko/nodevenv/test/16/lib/node_modules/express/lib/router/index.js:284:7
    at Function.process_params (/home/seniorko/nodevenv/test/16/lib/node_modules/express/lib/router/index.js:335:12)
    at next (/home/seniorko/nodevenv/test/16/lib/node_modules/express/lib/router/index.js:275:10)
    at /home/seniorko/test/app.js:59:3
    at Layer.handle [as handle_request] (/home/seniorko/nodevenv/test/16/lib/node_modules/express/lib/router/layer.js:95:5)
Error: Failed to lookup view "error" in views directory "/home/seniorko/test/views"
    at Function.render (/home/seniorko/nodevenv/test/16/lib/node_modules/express/lib/application.js:580:17)
    at ServerResponse.render (/home/seniorko/nodevenv/test/16/lib/node_modules/express/lib/response.js:1008:7)
    at /home/seniorko/test/app.js:70:7
    at Layer.handle_error (/home/seniorko/nodevenv/test/16/lib/node_modules/express/lib/router/layer.js:71:5)
    at trim_prefix (/home/seniorko/nodevenv/test/16/lib/node_modules/express/lib/router/index.js:315:13)
    at /home/seniorko/nodevenv/test/16/lib/node_modules/express/lib/router/index.js:284:7
    at Function.process_params (/home/seniorko/nodevenv/test/16/lib/node_modules/express/lib/router/index.js:335:12)
    at next (/home/seniorko/nodevenv/test/16/lib/node_modules/express/lib/router/index.js:275:10)
    at /home/seniorko/test/app.js:59:3
    at Layer.handle [as handle_request] (/home/seniorko/nodevenv/test/16/lib/node_modules/express/lib/router/layer.js:95:5)
Error: Failed to lookup view "error" in views directory "/home/seniorko/test/views"
    at Function.render (/home/seniorko/nodevenv/test/16/lib/node_modules/express/lib/application.js:580:17)
    at ServerResponse.render (/home/seniorko/nodevenv/test/16/lib/node_modules/express/lib/response.js:1008:7)
    at /home/seniorko/test/app.js:70:7
    at Layer.handle_error (/home/seniorko/nodevenv/test/16/lib/node_modules/express/lib/router/layer.js:71:5)
    at trim_prefix (/home/seniorko/nodevenv/test/16/lib/node_modules/express/lib/router/index.js:315:13)
    at /home/seniorko/nodevenv/test/16/lib/node_modules/express/lib/router/index.js:284:7
    at Function.process_params (/home/seniorko/nodevenv/test/16/lib/node_modules/express/lib/router/index.js:335:12)
    at next (/home/seniorko/nodevenv/test/16/lib/node_modules/express/lib/router/index.js:275:10)
    at /home/seniorko/test/app.js:59:3
    at Layer.handle [as handle_request] (/home/seniorko/nodevenv/test/16/lib/node_modules/express/lib/router/layer.js:95:5)
Error: Failed to lookup view "error" in views directory "/home/seniorko/test/views"
    at Function.render (/home/seniorko/nodevenv/test/16/lib/node_modules/express/lib/application.js:580:17)
    at ServerResponse.render (/home/seniorko/nodevenv/test/16/lib/node_modules/express/lib/response.js:1008:7)
    at /home/seniorko/test/app.js:70:7
    at Layer.handle_error (/home/seniorko/nodevenv/test/16/lib/node_modules/express/lib/router/layer.js:71:5)
    at trim_prefix (/home/seniorko/nodevenv/test/16/lib/node_modules/express/lib/router/index.js:315:13)
    at /home/seniorko/nodevenv/test/16/lib/node_modules/express/lib/router/index.js:284:7
    at Function.process_params (/home/seniorko/nodevenv/test/16/lib/node_modules/express/lib/router/index.js:335:12)
    at next (/home/seniorko/nodevenv/test/16/lib/node_modules/express/lib/router/index.js:275:10)
    at /home/seniorko/test/app.js:59:3
    at Layer.handle [as handle_request] (/home/seniorko/nodevenv/test/16/lib/node_modules/express/lib/router/layer.js:95:5)
Error: Failed to lookup view "error" in views directory "/home/seniorko/test/views"
    at Function.render (/home/seniorko/nodevenv/test/16/lib/node_modules/express/lib/application.js:580:17)
    at ServerResponse.render (/home/seniorko/nodevenv/test/16/lib/node_modules/express/lib/response.js:1008:7)
    at /home/seniorko/test/app.js:70:7
    at Layer.handle_error (/home/seniorko/nodevenv/test/16/lib/node_modules/express/lib/router/layer.js:71:5)
    at trim_prefix (/home/seniorko/nodevenv/test/16/lib/node_modules/express/lib/router/index.js:315:13)
    at /home/seniorko/nodevenv/test/16/lib/node_modules/express/lib/router/index.js:284:7
    at Function.process_params (/home/seniorko/nodevenv/test/16/lib/node_modules/express/lib/router/index.js:335:12)
    at next (/home/seniorko/nodevenv/test/16/lib/node_modules/express/lib/router/index.js:275:10)
    at /home/seniorko/test/app.js:59:3
    at Layer.handle [as handle_request] (/home/seniorko/nodevenv/test/16/lib/node_modules/express/lib/router/layer.js:95:5)
Error: Failed to lookup view "error" in views directory "/home/seniorko/test/views"
    at Function.render (/home/seniorko/nodevenv/test/16/lib/node_modules/express/lib/application.js:580:17)
    at ServerResponse.render (/home/seniorko/nodevenv/test/16/lib/node_modules/express/lib/response.js:1008:7)
    at /home/seniorko/test/app.js:70:7
    at Layer.handle_error (/home/seniorko/nodevenv/test/16/lib/node_modules/express/lib/router/layer.js:71:5)
    at trim_prefix (/home/seniorko/nodevenv/test/16/lib/node_modules/express/lib/router/index.js:315:13)
    at /home/seniorko/nodevenv/test/16/lib/node_modules/express/lib/router/index.js:284:7
    at Function.process_params (/home/seniorko/nodevenv/test/16/lib/node_modules/express/lib/router/index.js:335:12)
    at next (/home/seniorko/nodevenv/test/16/lib/node_modules/express/lib/router/index.js:275:10)
    at /home/seniorko/test/app.js:59:3
    at Layer.handle [as handle_request] (/home/seniorko/nodevenv/test/16/lib/node_modules/express/lib/router/layer.js:95:5)
Error: Failed to lookup view "error" in views directory "/home/seniorko/test/views"
    at Function.render (/home/seniorko/nodevenv/test/16/lib/node_modules/express/lib/application.js:580:17)
    at ServerResponse.render (/home/seniorko/nodevenv/test/16/lib/node_modules/express/lib/response.js:1008:7)
    at /home/seniorko/test/app.js:70:7
    at Layer.handle_error (/home/seniorko/nodevenv/test/16/lib/node_modules/express/lib/router/layer.js:71:5)
    at trim_prefix (/home/seniorko/nodevenv/test/16/lib/node_modules/express/lib/router/index.js:315:13)
    at /home/seniorko/nodevenv/test/16/lib/node_modules/express/lib/router/index.js:284:7
    at Function.process_params (/home/seniorko/nodevenv/test/16/lib/node_modules/express/lib/router/index.js:335:12)
    at next (/home/seniorko/nodevenv/test/16/lib/node_modules/express/lib/router/index.js:275:10)
    at /home/seniorko/test/app.js:59:3
    at Layer.handle [as handle_request] (/home/seniorko/nodevenv/test/16/lib/node_modules/express/lib/router/layer.js:95:5)
Error: Failed to lookup view "error" in views directory "/home/seniorko/test/views"
    at Function.render (/home/seniorko/nodevenv/test/16/lib/node_modules/express/lib/application.js:580:17)
    at ServerResponse.render (/home/seniorko/nodevenv/test/16/lib/node_modules/express/lib/response.js:1008:7)
    at /home/seniorko/test/app.js:70:7
    at Layer.handle_error (/home/seniorko/nodevenv/test/16/lib/node_modules/express/lib/router/layer.js:71:5)
    at trim_prefix (/home/seniorko/nodevenv/test/16/lib/node_modules/express/lib/router/index.js:315:13)
    at /home/seniorko/nodevenv/test/16/lib/node_modules/express/lib/router/index.js:284:7
    at Function.process_params (/home/seniorko/nodevenv/test/16/lib/node_modules/express/lib/router/index.js:335:12)
    at next (/home/seniorko/nodevenv/test/16/lib/node_modules/express/lib/router/index.js:275:10)
    at /home/seniorko/test/app.js:59:3
    at Layer.handle [as handle_request] (/home/seniorko/nodevenv/test/16/lib/node_modules/express/lib/router/layer.js:95:5)
Error: Failed to lookup view "error" in views directory "/home/seniorko/test/views"
    at Function.render (/home/seniorko/nodevenv/test/16/lib/node_modules/express/lib/application.js:580:17)
    at ServerResponse.render (/home/seniorko/nodevenv/test/16/lib/node_modules/express/lib/response.js:1008:7)
    at /home/seniorko/test/app.js:70:7
    at Layer.handle_error (/home/seniorko/nodevenv/test/16/lib/node_modules/express/lib/router/layer.js:71:5)
    at trim_prefix (/home/seniorko/nodevenv/test/16/lib/node_modules/express/lib/router/index.js:315:13)
    at /home/seniorko/nodevenv/test/16/lib/node_modules/express/lib/router/index.js:284:7
    at Function.process_params (/home/seniorko/nodevenv/test/16/lib/node_modules/express/lib/router/index.js:335:12)
    at next (/home/seniorko/nodevenv/test/16/lib/node_modules/express/lib/router/index.js:275:10)
    at /home/seniorko/test/app.js:59:3
    at Layer.handle [as handle_request] (/home/seniorko/nodevenv/test/16/lib/node_modules/express/lib/router/layer.js:95:5)
Error: Failed to lookup view "error" in views directory "/home/seniorko/test/views"
    at Function.render (/home/seniorko/nodevenv/test/16/lib/node_modules/express/lib/application.js:580:17)
    at ServerResponse.render (/home/seniorko/nodevenv/test/16/lib/node_modules/express/lib/response.js:1008:7)
    at /home/seniorko/test/app.js:70:7
    at Layer.handle_error (/home/seniorko/nodevenv/test/16/lib/node_modules/express/lib/router/layer.js:71:5)
    at trim_prefix (/home/seniorko/nodevenv/test/16/lib/node_modules/express/lib/router/index.js:315:13)
    at /home/seniorko/nodevenv/test/16/lib/node_modules/express/lib/router/index.js:284:7
    at Function.process_params (/home/seniorko/nodevenv/test/16/lib/node_modules/express/lib/router/index.js:335:12)
    at next (/home/seniorko/nodevenv/test/16/lib/node_modules/express/lib/router/index.js:275:10)
    at /home/seniorko/test/app.js:59:3
    at Layer.handle [as handle_request] (/home/seniorko/nodevenv/test/16/lib/node_modules/express/lib/router/layer.js:95:5)
Error: Failed to lookup view "error" in views directory "/home/seniorko/test/views"
    at Function.render (/home/seniorko/nodevenv/test/16/lib/node_modules/express/lib/application.js:580:17)
    at ServerResponse.render (/home/seniorko/nodevenv/test/16/lib/node_modules/express/lib/response.js:1008:7)
    at /home/seniorko/test/app.js:70:7
    at Layer.handle_error (/home/seniorko/nodevenv/test/16/lib/node_modules/express/lib/router/layer.js:71:5)
    at trim_prefix (/home/seniorko/nodevenv/test/16/lib/node_modules/express/lib/router/index.js:315:13)
    at /home/seniorko/nodevenv/test/16/lib/node_modules/express/lib/router/index.js:284:7
    at Function.process_params (/home/seniorko/nodevenv/test/16/lib/node_modules/express/lib/router/index.js:335:12)
    at next (/home/seniorko/nodevenv/test/16/lib/node_modules/express/lib/router/index.js:275:10)
    at /home/seniorko/test/app.js:59:3
    at Layer.handle [as handle_request] (/home/seniorko/nodevenv/test/16/lib/node_modules/express/lib/router/layer.js:95:5)
Error: Failed to lookup view "error" in views directory "/home/seniorko/test/views"
    at Function.render (/home/seniorko/nodevenv/test/16/lib/node_modules/express/lib/application.js:580:17)
    at ServerResponse.render (/home/seniorko/nodevenv/test/16/lib/node_modules/express/lib/response.js:1008:7)
    at /home/seniorko/test/app.js:70:7
    at Layer.handle_error (/home/seniorko/nodevenv/test/16/lib/node_modules/express/lib/router/layer.js:71:5)
    at trim_prefix (/home/seniorko/nodevenv/test/16/lib/node_modules/express/lib/router/index.js:315:13)
    at /home/seniorko/nodevenv/test/16/lib/node_modules/express/lib/router/index.js:284:7
    at Function.process_params (/home/seniorko/nodevenv/test/16/lib/node_modules/express/lib/router/index.js:335:12)
    at next (/home/seniorko/nodevenv/test/16/lib/node_modules/express/lib/router/index.js:275:10)
    at /home/seniorko/test/app.js:59:3
    at Layer.handle [as handle_request] (/home/seniorko/nodevenv/test/16/lib/node_modules/express/lib/router/layer.js:95:5)
Error: Failed to lookup view "error" in views directory "/home/seniorko/test/views"
    at Function.render (/home/seniorko/nodevenv/test/16/lib/node_modules/express/lib/application.js:580:17)
    at ServerResponse.render (/home/seniorko/nodevenv/test/16/lib/node_modules/express/lib/response.js:1008:7)
    at /home/seniorko/test/app.js:70:7
    at Layer.handle_error (/home/seniorko/nodevenv/test/16/lib/node_modules/express/lib/router/layer.js:71:5)
    at trim_prefix (/home/seniorko/nodevenv/test/16/lib/node_modules/express/lib/router/index.js:315:13)
    at /home/seniorko/nodevenv/test/16/lib/node_modules/express/lib/router/index.js:284:7
    at Function.process_params (/home/seniorko/nodevenv/test/16/lib/node_modules/express/lib/router/index.js:335:12)
    at next (/home/seniorko/nodevenv/test/16/lib/node_modules/express/lib/router/index.js:275:10)
    at /home/seniorko/test/app.js:59:3
    at Layer.handle [as handle_request] (/home/seniorko/nodevenv/test/16/lib/node_modules/express/lib/router/layer.js:95:5)
Error: Failed to lookup view "error" in views directory "/home/seniorko/test/views"
    at Function.render (/home/seniorko/nodevenv/test/16/lib/node_modules/express/lib/application.js:580:17)
    at ServerResponse.render (/home/seniorko/nodevenv/test/16/lib/node_modules/express/lib/response.js:1008:7)
    at /home/seniorko/test/app.js:70:7
    at Layer.handle_error (/home/seniorko/nodevenv/test/16/lib/node_modules/express/lib/router/layer.js:71:5)
    at trim_prefix (/home/seniorko/nodevenv/test/16/lib/node_modules/express/lib/router/index.js:315:13)
    at /home/seniorko/nodevenv/test/16/lib/node_modules/express/lib/router/index.js:284:7
    at Function.process_params (/home/seniorko/nodevenv/test/16/lib/node_modules/express/lib/router/index.js:335:12)
    at next (/home/seniorko/nodevenv/test/16/lib/node_modules/express/lib/router/index.js:275:10)
    at /home/seniorko/test/app.js:59:3
    at Layer.handle [as handle_request] (/home/seniorko/nodevenv/test/16/lib/node_modules/express/lib/router/layer.js:95:5)
Error: Failed to lookup view "error" in views directory "/home/seniorko/test/views"
    at Function.render (/home/seniorko/nodevenv/test/16/lib/node_modules/express/lib/application.js:580:17)
    at ServerResponse.render (/home/seniorko/nodevenv/test/16/lib/node_modules/express/lib/response.js:1008:7)
    at /home/seniorko/test/app.js:70:7
    at Layer.handle_error (/home/seniorko/nodevenv/test/16/lib/node_modules/express/lib/router/layer.js:71:5)
    at trim_prefix (/home/seniorko/nodevenv/test/16/lib/node_modules/express/lib/router/index.js:315:13)
    at /home/seniorko/nodevenv/test/16/lib/node_modules/express/lib/router/index.js:284:7
    at Function.process_params (/home/seniorko/nodevenv/test/16/lib/node_modules/express/lib/router/index.js:335:12)
    at next (/home/seniorko/nodevenv/test/16/lib/node_modules/express/lib/router/index.js:275:10)
    at /home/seniorko/test/app.js:59:3
    at Layer.handle [as handle_request] (/home/seniorko/nodevenv/test/16/lib/node_modules/express/lib/router/layer.js:95:5)
Error: Failed to lookup view "error" in views directory "/home/seniorko/test/views"
    at Function.render (/home/seniorko/nodevenv/test/16/lib/node_modules/express/lib/application.js:580:17)
    at ServerResponse.render (/home/seniorko/nodevenv/test/16/lib/node_modules/express/lib/response.js:1008:7)
    at /home/seniorko/test/app.js:70:7
    at Layer.handle_error (/home/seniorko/nodevenv/test/16/lib/node_modules/express/lib/router/layer.js:71:5)
    at trim_prefix (/home/seniorko/nodevenv/test/16/lib/node_modules/express/lib/router/index.js:315:13)
    at /home/seniorko/nodevenv/test/16/lib/node_modules/express/lib/router/index.js:284:7
    at Function.process_params (/home/seniorko/nodevenv/test/16/lib/node_modules/express/lib/router/index.js:335:12)
    at next (/home/seniorko/nodevenv/test/16/lib/node_modules/express/lib/router/index.js:275:10)
    at /home/seniorko/test/app.js:59:3
    at Layer.handle [as handle_request] (/home/seniorko/nodevenv/test/16/lib/node_modules/express/lib/router/layer.js:95:5)
Error: Failed to lookup view "error" in views directory "/home/seniorko/test/views"
    at Function.render (/home/seniorko/nodevenv/test/16/lib/node_modules/express/lib/application.js:580:17)
    at ServerResponse.render (/home/seniorko/nodevenv/test/16/lib/node_modules/express/lib/response.js:1008:7)
    at /home/seniorko/test/app.js:70:7
    at Layer.handle_error (/home/seniorko/nodevenv/test/16/lib/node_modules/express/lib/router/layer.js:71:5)
    at trim_prefix (/home/seniorko/nodevenv/test/16/lib/node_modules/express/lib/router/index.js:315:13)
    at /home/seniorko/nodevenv/test/16/lib/node_modules/express/lib/router/index.js:284:7
    at Function.process_params (/home/seniorko/nodevenv/test/16/lib/node_modules/express/lib/router/index.js:335:12)
    at next (/home/seniorko/nodevenv/test/16/lib/node_modules/express/lib/router/index.js:275:10)
    at /home/seniorko/test/app.js:59:3
    at Layer.handle [as handle_request] (/home/seniorko/nodevenv/test/16/lib/node_modules/express/lib/router/layer.js:95:5)
Error: Failed to lookup view "error" in views directory "/home/seniorko/test/views"
    at Function.render (/home/seniorko/nodevenv/test/16/lib/node_modules/express/lib/application.js:580:17)
    at ServerResponse.render (/home/seniorko/nodevenv/test/16/lib/node_modules/express/lib/response.js:1008:7)
    at /home/seniorko/test/app.js:70:7
    at Layer.handle_error (/home/seniorko/nodevenv/test/16/lib/node_modules/express/lib/router/layer.js:71:5)
    at trim_prefix (/home/seniorko/nodevenv/test/16/lib/node_modules/express/lib/router/index.js:315:13)
    at /home/seniorko/nodevenv/test/16/lib/node_modules/express/lib/router/index.js:284:7
    at Function.process_params (/home/seniorko/nodevenv/test/16/lib/node_modules/express/lib/router/index.js:335:12)
    at next (/home/seniorko/nodevenv/test/16/lib/node_modules/express/lib/router/index.js:275:10)
    at /home/seniorko/test/app.js:59:3
    at Layer.handle [as handle_request] (/home/seniorko/nodevenv/test/16/lib/node_modules/express/lib/router/layer.js:95:5)
Error: Failed to lookup view "error" in views directory "/home/seniorko/test/views"
    at Function.render (/home/seniorko/nodevenv/test/16/lib/node_modules/express/lib/application.js:580:17)
    at ServerResponse.render (/home/seniorko/nodevenv/test/16/lib/node_modules/express/lib/response.js:1008:7)
    at /home/seniorko/test/app.js:70:7
    at Layer.handle_error (/home/seniorko/nodevenv/test/16/lib/node_modules/express/lib/router/layer.js:71:5)
    at trim_prefix (/home/seniorko/nodevenv/test/16/lib/node_modules/express/lib/router/index.js:315:13)
    at /home/seniorko/nodevenv/test/16/lib/node_modules/express/lib/router/index.js:284:7
    at Function.process_params (/home/seniorko/nodevenv/test/16/lib/node_modules/express/lib/router/index.js:335:12)
    at next (/home/seniorko/nodevenv/test/16/lib/node_modules/express/lib/router/index.js:275:10)
    at /home/seniorko/test/app.js:59:3
    at Layer.handle [as handle_request] (/home/seniorko/nodevenv/test/16/lib/node_modules/express/lib/router/layer.js:95:5)
Error: Failed to lookup view "error" in views directory "/home/seniorko/test/views"
    at Function.render (/home/seniorko/nodevenv/test/16/lib/node_modules/express/lib/application.js:580:17)
    at ServerResponse.render (/home/seniorko/nodevenv/test/16/lib/node_modules/express/lib/response.js:1008:7)
    at /home/seniorko/test/app.js:70:7
    at Layer.handle_error (/home/seniorko/nodevenv/test/16/lib/node_modules/express/lib/router/layer.js:71:5)
    at trim_prefix (/home/seniorko/nodevenv/test/16/lib/node_modules/express/lib/router/index.js:315:13)
    at /home/seniorko/nodevenv/test/16/lib/node_modules/express/lib/router/index.js:284:7
    at Function.process_params (/home/seniorko/nodevenv/test/16/lib/node_modules/express/lib/router/index.js:335:12)
    at next (/home/seniorko/nodevenv/test/16/lib/node_modules/express/lib/router/index.js:275:10)
    at /home/seniorko/test/app.js:59:3
    at Layer.handle [as handle_request] (/home/seniorko/nodevenv/test/16/lib/node_modules/express/lib/router/layer.js:95:5)
Error: Failed to lookup view "error" in views directory "/home/seniorko/test/views"
    at Function.render (/home/seniorko/nodevenv/test/16/lib/node_modules/express/lib/application.js:580:17)
    at ServerResponse.render (/home/seniorko/nodevenv/test/16/lib/node_modules/express/lib/response.js:1008:7)
    at /home/seniorko/test/app.js:70:7
    at Layer.handle_error (/home/seniorko/nodevenv/test/16/lib/node_modules/express/lib/router/layer.js:71:5)
    at trim_prefix (/home/seniorko/nodevenv/test/16/lib/node_modules/express/lib/router/index.js:315:13)
    at /home/seniorko/nodevenv/test/16/lib/node_modules/express/lib/router/index.js:284:7
    at Function.process_params (/home/seniorko/nodevenv/test/16/lib/node_modules/express/lib/router/index.js:335:12)
    at next (/home/seniorko/nodevenv/test/16/lib/node_modules/express/lib/router/index.js:275:10)
    at /home/seniorko/test/app.js:59:3
    at Layer.handle [as handle_request] (/home/seniorko/nodevenv/test/16/lib/node_modules/express/lib/router/layer.js:95:5)
Error: Failed to lookup view "error" in views directory "/home/seniorko/test/views"
    at Function.render (/home/seniorko/nodevenv/test/16/lib/node_modules/express/lib/application.js:580:17)
    at ServerResponse.render (/home/seniorko/nodevenv/test/16/lib/node_modules/express/lib/response.js:1008:7)
    at /home/seniorko/test/app.js:70:7
    at Layer.handle_error (/home/seniorko/nodevenv/test/16/lib/node_modules/express/lib/router/layer.js:71:5)
    at trim_prefix (/home/seniorko/nodevenv/test/16/lib/node_modules/express/lib/router/index.js:315:13)
    at /home/seniorko/nodevenv/test/16/lib/node_modules/express/lib/router/index.js:284:7
    at Function.process_params (/home/seniorko/nodevenv/test/16/lib/node_modules/express/lib/router/index.js:335:12)
    at next (/home/seniorko/nodevenv/test/16/lib/node_modules/express/lib/router/index.js:275:10)
    at /home/seniorko/test/app.js:59:3
    at Layer.handle [as handle_request] (/home/seniorko/nodevenv/test/16/lib/node_modules/express/lib/router/layer.js:95:5)
node:internal/modules/cjs/loader:936
  throw err;
  ^

Error: Cannot find module 'http-errors'
Require stack:
- /home/seniorko/test/app.js
- /usr/local/lsws/fcgi-bin/lsnode.js
    at Function.Module._resolveFilename (node:internal/modules/cjs/loader:933:15)
    at Function.Module._load (node:internal/modules/cjs/loader:778:27)
    at Module.require (node:internal/modules/cjs/loader:1005:19)
    at require (node:internal/modules/cjs/helpers:102:18)
    at Object.<anonymous> (/home/seniorko/test/app.js:1:21)
    at Module._compile (node:internal/modules/cjs/loader:1105:14)
    at Object.Module._extensions..js (node:internal/modules/cjs/loader:1159:10)
    at Module.load (node:internal/modules/cjs/loader:981:32)
    at Function.Module._load (node:internal/modules/cjs/loader:822:12)
    at Module.require (node:internal/modules/cjs/loader:1005:19) {
  code: 'MODULE_NOT_FOUND',
  requireStack: [
    '/home/seniorko/test/app.js',
    '/usr/local/lsws/fcgi-bin/lsnode.js'
  ]
}
node:internal/modules/cjs/loader:936
  throw err;
  ^

Error: Cannot find module 'http-errors'
Require stack:
- /home/seniorko/test/app.js
- /usr/local/lsws/fcgi-bin/lsnode.js
    at Function.Module._resolveFilename (node:internal/modules/cjs/loader:933:15)
    at Function.Module._load (node:internal/modules/cjs/loader:778:27)
    at Module.require (node:internal/modules/cjs/loader:1005:19)
    at require (node:internal/modules/cjs/helpers:102:18)
    at Object.<anonymous> (/home/seniorko/test/app.js:1:21)
    at Module._compile (node:internal/modules/cjs/loader:1105:14)
    at Object.Module._extensions..js (node:internal/modules/cjs/loader:1159:10)
    at Module.load (node:internal/modules/cjs/loader:981:32)
    at Function.Module._load (node:internal/modules/cjs/loader:822:12)
    at Module.require (node:internal/modules/cjs/loader:1005:19) {
  code: 'MODULE_NOT_FOUND',
  requireStack: [
    '/home/seniorko/test/app.js',
    '/usr/local/lsws/fcgi-bin/lsnode.js'
  ]
}
node:internal/modules/cjs/loader:936
  throw err;
  ^

Error: Cannot find module 'http-errors'
Require stack:
- /home/seniorko/test/app.js
- /usr/local/lsws/fcgi-bin/lsnode.js
    at Function.Module._resolveFilename (node:internal/modules/cjs/loader:933:15)
    at Function.Module._load (node:internal/modules/cjs/loader:778:27)
    at Module.require (node:internal/modules/cjs/loader:1005:19)
    at require (node:internal/modules/cjs/helpers:102:18)
    at Object.<anonymous> (/home/seniorko/test/app.js:1:21)
    at Module._compile (node:internal/modules/cjs/loader:1105:14)
    at Object.Module._extensions..js (node:internal/modules/cjs/loader:1159:10)
    at Module.load (node:internal/modules/cjs/loader:981:32)
    at Function.Module._load (node:internal/modules/cjs/loader:822:12)
    at Module.require (node:internal/modules/cjs/loader:1005:19) {
  code: 'MODULE_NOT_FOUND',
  requireStack: [
    '/home/seniorko/test/app.js',
    '/usr/local/lsws/fcgi-bin/lsnode.js'
  ]
}
node:internal/modules/cjs/loader:936
  throw err;
  ^

Error: Cannot find module 'http-errors'
Require stack:
- /home/seniorko/test/app.js
- /usr/local/lsws/fcgi-bin/lsnode.js
    at Function.Module._resolveFilename (node:internal/modules/cjs/loader:933:15)
    at Function.Module._load (node:internal/modules/cjs/loader:778:27)
    at Module.require (node:internal/modules/cjs/loader:1005:19)
    at require (node:internal/modules/cjs/helpers:102:18)
    at Object.<anonymous> (/home/seniorko/test/app.js:1:21)
    at Module._compile (node:internal/modules/cjs/loader:1105:14)
    at Object.Module._extensions..js (node:internal/modules/cjs/loader:1159:10)
    at Module.load (node:internal/modules/cjs/loader:981:32)
    at Function.Module._load (node:internal/modules/cjs/loader:822:12)
    at Module.require (node:internal/modules/cjs/loader:1005:19) {
  code: 'MODULE_NOT_FOUND',
  requireStack: [
    '/home/seniorko/test/app.js',
    '/usr/local/lsws/fcgi-bin/lsnode.js'
  ]
}
node:internal/modules/cjs/loader:936
  throw err;
  ^

Error: Cannot find module 'http-errors'
Require stack:
- /home/seniorko/test/app.js
- /usr/local/lsws/fcgi-bin/lsnode.js
    at Function.Module._resolveFilename (node:internal/modules/cjs/loader:933:15)
    at Function.Module._load (node:internal/modules/cjs/loader:778:27)
    at Module.require (node:internal/modules/cjs/loader:1005:19)
    at require (node:internal/modules/cjs/helpers:102:18)
    at Object.<anonymous> (/home/seniorko/test/app.js:1:21)
    at Module._compile (node:internal/modules/cjs/loader:1105:14)
    at Object.Module._extensions..js (node:internal/modules/cjs/loader:1159:10)
    at Module.load (node:internal/modules/cjs/loader:981:32)
    at Function.Module._load (node:internal/modules/cjs/loader:822:12)
    at Module.require (node:internal/modules/cjs/loader:1005:19) {
  code: 'MODULE_NOT_FOUND',
  requireStack: [
    '/home/seniorko/test/app.js',
    '/usr/local/lsws/fcgi-bin/lsnode.js'
  ]
}
node:internal/modules/cjs/loader:936
  throw err;
  ^

Error: Cannot find module 'http-errors'
Require stack:
- /home/seniorko/test/app.js
- /usr/local/lsws/fcgi-bin/lsnode.js
    at Function.Module._resolveFilename (node:internal/modules/cjs/loader:933:15)
    at Function.Module._load (node:internal/modules/cjs/loader:778:27)
    at Module.require (node:internal/modules/cjs/loader:1005:19)
    at require (node:internal/modules/cjs/helpers:102:18)
    at Object.<anonymous> (/home/seniorko/test/app.js:1:21)
    at Module._compile (node:internal/modules/cjs/loader:1105:14)
    at Object.Module._extensions..js (node:internal/modules/cjs/loader:1159:10)
    at Module.load (node:internal/modules/cjs/loader:981:32)
    at Function.Module._load (node:internal/modules/cjs/loader:822:12)
    at Module.require (node:internal/modules/cjs/loader:1005:19) {
  code: 'MODULE_NOT_FOUND',
  requireStack: [
    '/home/seniorko/test/app.js',
    '/usr/local/lsws/fcgi-bin/lsnode.js'
  ]
}
node:internal/modules/cjs/loader:936
  throw err;
  ^

Error: Cannot find module 'http-errors'
Require stack:
- /home/seniorko/test/app.js
- /usr/local/lsws/fcgi-bin/lsnode.js
    at Function.Module._resolveFilename (node:internal/modules/cjs/loader:933:15)
    at Function.Module._load (node:internal/modules/cjs/loader:778:27)
    at Module.require (node:internal/modules/cjs/loader:1005:19)
    at require (node:internal/modules/cjs/helpers:102:18)
    at Object.<anonymous> (/home/seniorko/test/app.js:1:21)
    at Module._compile (node:internal/modules/cjs/loader:1105:14)
    at Object.Module._extensions..js (node:internal/modules/cjs/loader:1159:10)
    at Module.load (node:internal/modules/cjs/loader:981:32)
    at Function.Module._load (node:internal/modules/cjs/loader:822:12)
    at Module.require (node:internal/modules/cjs/loader:1005:19) {
  code: 'MODULE_NOT_FOUND',
  requireStack: [
    '/home/seniorko/test/app.js',
    '/usr/local/lsws/fcgi-bin/lsnode.js'
  ]
}
node:internal/modules/cjs/loader:936
  throw err;
  ^

Error: Cannot find module './lib/compat'
Require stack:
- /home/seniorko/nodevenv/test/16/lib/node_modules/http-errors/node_modules/depd/index.js
- /home/seniorko/nodevenv/test/16/lib/node_modules/http-errors/index.js
- /home/seniorko/test/app.js
- /usr/local/lsws/fcgi-bin/lsnode.js
    at Function.Module._resolveFilename (node:internal/modules/cjs/loader:933:15)
    at Function.Module._load (node:internal/modules/cjs/loader:778:27)
    at Module.require (node:internal/modules/cjs/loader:1005:19)
    at require (node:internal/modules/cjs/helpers:102:18)
    at Object.<anonymous> (/home/seniorko/nodevenv/test/16/lib/node_modules/http-errors/node_modules/depd/index.js:11:24)
    at Module._compile (node:internal/modules/cjs/loader:1105:14)
    at Object.Module._extensions..js (node:internal/modules/cjs/loader:1159:10)
    at Module.load (node:internal/modules/cjs/loader:981:32)
    at Function.Module._load (node:internal/modules/cjs/loader:822:12)
    at Module.require (node:internal/modules/cjs/loader:1005:19) {
  code: 'MODULE_NOT_FOUND',
  requireStack: [
    '/home/seniorko/nodevenv/test/16/lib/node_modules/http-errors/node_modules/depd/index.js',
    '/home/seniorko/nodevenv/test/16/lib/node_modules/http-errors/index.js',
    '/home/seniorko/test/app.js',
    '/usr/local/lsws/fcgi-bin/lsnode.js'
  ]
}
Warning: connect.session() MemoryStore is not
designed for a production environment, as it will leak
memory, and will not scale past a single process.
Warning: connect.session() MemoryStore is not
designed for a production environment, as it will leak
memory, and will not scale past a single process.
Warning: connect.session() MemoryStore is not
designed for a production environment, as it will leak
memory, and will not scale past a single process.
Warning: connect.session() MemoryStore is not
designed for a production environment, as it will leak
memory, and will not scale past a single process.
Warning: connect.session() MemoryStore is not
designed for a production environment, as it will leak
memory, and will not scale past a single process.
Warning: connect.session() MemoryStore is not
designed for a production environment, as it will leak
memory, and will not scale past a single process.
Warning: connect.session() MemoryStore is not
designed for a production environment, as it will leak
memory, and will not scale past a single process.
Warning: connect.session() MemoryStore is not
designed for a production environment, as it will leak
memory, and will not scale past a single process.
Warning: connect.session() MemoryStore is not
designed for a production environment, as it will leak
memory, and will not scale past a single process.
Warning: connect.session() MemoryStore is not
designed for a production environment, as it will leak
memory, and will not scale past a single process.
Warning: connect.session() MemoryStore is not
designed for a production environment, as it will leak
memory, and will not scale past a single process.
Warning: connect.session() MemoryStore is not
designed for a production environment, as it will leak
memory, and will not scale past a single process.
Warning: connect.session() MemoryStore is not
designed for a production environment, as it will leak
memory, and will not scale past a single process.
Warning: connect.session() MemoryStore is not
designed for a production environment, as it will leak
memory, and will not scale past a single process.
Warning: connect.session() MemoryStore is not
designed for a production environment, as it will leak
memory, and will not scale past a single process.
Error: Failed to lookup view "error" in views directory "/home/seniorko/test/views"
    at Function.render (/home/seniorko/nodevenv/test/16/lib/node_modules/express/lib/application.js:580:17)
    at ServerResponse.render (/home/seniorko/nodevenv/test/16/lib/node_modules/express/lib/response.js:1008:7)
    at /home/seniorko/test/app.js:70:7
    at Layer.handle_error (/home/seniorko/nodevenv/test/16/lib/node_modules/express/lib/router/layer.js:71:5)
    at trim_prefix (/home/seniorko/nodevenv/test/16/lib/node_modules/express/lib/router/index.js:315:13)
    at /home/seniorko/nodevenv/test/16/lib/node_modules/express/lib/router/index.js:284:7
    at Function.process_params (/home/seniorko/nodevenv/test/16/lib/node_modules/express/lib/router/index.js:335:12)
    at next (/home/seniorko/nodevenv/test/16/lib/node_modules/express/lib/router/index.js:275:10)
    at /home/seniorko/test/app.js:59:3
    at Layer.handle [as handle_request] (/home/seniorko/nodevenv/test/16/lib/node_modules/express/lib/router/layer.js:95:5)
Error: Failed to lookup view "error" in views directory "/home/seniorko/test/views"
    at Function.render (/home/seniorko/nodevenv/test/16/lib/node_modules/express/lib/application.js:580:17)
    at ServerResponse.render (/home/seniorko/nodevenv/test/16/lib/node_modules/express/lib/response.js:1008:7)
    at /home/seniorko/test/app.js:70:7
    at Layer.handle_error (/home/seniorko/nodevenv/test/16/lib/node_modules/express/lib/router/layer.js:71:5)
    at trim_prefix (/home/seniorko/nodevenv/test/16/lib/node_modules/express/lib/router/index.js:315:13)
    at /home/seniorko/nodevenv/test/16/lib/node_modules/express/lib/router/index.js:284:7
    at Function.process_params (/home/seniorko/nodevenv/test/16/lib/node_modules/express/lib/router/index.js:335:12)
    at next (/home/seniorko/nodevenv/test/16/lib/node_modules/express/lib/router/index.js:275:10)
    at /home/seniorko/test/app.js:59:3
    at Layer.handle [as handle_request] (/home/seniorko/nodevenv/test/16/lib/node_modules/express/lib/router/layer.js:95:5)
Error: Failed to lookup view "error" in views directory "/home/seniorko/test/views"
    at Function.render (/home/seniorko/nodevenv/test/16/lib/node_modules/express/lib/application.js:580:17)
    at ServerResponse.render (/home/seniorko/nodevenv/test/16/lib/node_modules/express/lib/response.js:1008:7)
    at /home/seniorko/test/app.js:70:7
    at Layer.handle_error (/home/seniorko/nodevenv/test/16/lib/node_modules/express/lib/router/layer.js:71:5)
    at trim_prefix (/home/seniorko/nodevenv/test/16/lib/node_modules/express/lib/router/index.js:315:13)
    at /home/seniorko/nodevenv/test/16/lib/node_modules/express/lib/router/index.js:284:7
    at Function.process_params (/home/seniorko/nodevenv/test/16/lib/node_modules/express/lib/router/index.js:335:12)
    at next (/home/seniorko/nodevenv/test/16/lib/node_modules/express/lib/router/index.js:275:10)
    at /home/seniorko/test/app.js:59:3
    at Layer.handle [as handle_request] (/home/seniorko/nodevenv/test/16/lib/node_modules/express/lib/router/layer.js:95:5)
Error: Failed to lookup view "error" in views directory "/home/seniorko/test/views"
    at Function.render (/home/seniorko/nodevenv/test/16/lib/node_modules/express/lib/application.js:580:17)
    at ServerResponse.render (/home/seniorko/nodevenv/test/16/lib/node_modules/express/lib/response.js:1008:7)
    at /home/seniorko/test/app.js:70:7
    at Layer.handle_error (/home/seniorko/nodevenv/test/16/lib/node_modules/express/lib/router/layer.js:71:5)
    at trim_prefix (/home/seniorko/nodevenv/test/16/lib/node_modules/express/lib/router/index.js:315:13)
    at /home/seniorko/nodevenv/test/16/lib/node_modules/express/lib/router/index.js:284:7
    at Function.process_params (/home/seniorko/nodevenv/test/16/lib/node_modules/express/lib/router/index.js:335:12)
    at next (/home/seniorko/nodevenv/test/16/lib/node_modules/express/lib/router/index.js:275:10)
    at /home/seniorko/test/app.js:59:3
    at Layer.handle [as handle_request] (/home/seniorko/nodevenv/test/16/lib/node_modules/express/lib/router/layer.js:95:5)
Error: Failed to lookup view "error" in views directory "/home/seniorko/test/views"
    at Function.render (/home/seniorko/nodevenv/test/16/lib/node_modules/express/lib/application.js:580:17)
    at ServerResponse.render (/home/seniorko/nodevenv/test/16/lib/node_modules/express/lib/response.js:1008:7)
    at /home/seniorko/test/app.js:70:7
    at Layer.handle_error (/home/seniorko/nodevenv/test/16/lib/node_modules/express/lib/router/layer.js:71:5)
    at trim_prefix (/home/seniorko/nodevenv/test/16/lib/node_modules/express/lib/router/index.js:315:13)
    at /home/seniorko/nodevenv/test/16/lib/node_modules/express/lib/router/index.js:284:7
    at Function.process_params (/home/seniorko/nodevenv/test/16/lib/node_modules/express/lib/router/index.js:335:12)
    at next (/home/seniorko/nodevenv/test/16/lib/node_modules/express/lib/router/index.js:275:10)
    at /home/seniorko/test/app.js:59:3
    at Layer.handle [as handle_request] (/home/seniorko/nodevenv/test/16/lib/node_modules/express/lib/router/layer.js:95:5)
Error: Failed to lookup view "error" in views directory "/home/seniorko/test/views"
    at Function.render (/home/seniorko/nodevenv/test/16/lib/node_modules/express/lib/application.js:580:17)
    at ServerResponse.render (/home/seniorko/nodevenv/test/16/lib/node_modules/express/lib/response.js:1008:7)
    at /home/seniorko/test/app.js:70:7
    at Layer.handle_error (/home/seniorko/nodevenv/test/16/lib/node_modules/express/lib/router/layer.js:71:5)
    at trim_prefix (/home/seniorko/nodevenv/test/16/lib/node_modules/express/lib/router/index.js:315:13)
    at /home/seniorko/nodevenv/test/16/lib/node_modules/express/lib/router/index.js:284:7
    at Function.process_params (/home/seniorko/nodevenv/test/16/lib/node_modules/express/lib/router/index.js:335:12)
    at next (/home/seniorko/nodevenv/test/16/lib/node_modules/express/lib/router/index.js:275:10)
    at /home/seniorko/test/app.js:59:3
    at Layer.handle [as handle_request] (/home/seniorko/nodevenv/test/16/lib/node_modules/express/lib/router/layer.js:95:5)
Error: Failed to lookup view "error" in views directory "/home/seniorko/test/views"
    at Function.render (/home/seniorko/nodevenv/test/16/lib/node_modules/express/lib/application.js:580:17)
    at ServerResponse.render (/home/seniorko/nodevenv/test/16/lib/node_modules/express/lib/response.js:1008:7)
    at /home/seniorko/test/app.js:70:7
    at Layer.handle_error (/home/seniorko/nodevenv/test/16/lib/node_modules/express/lib/router/layer.js:71:5)
    at trim_prefix (/home/seniorko/nodevenv/test/16/lib/node_modules/express/lib/router/index.js:315:13)
    at /home/seniorko/nodevenv/test/16/lib/node_modules/express/lib/router/index.js:284:7
    at Function.process_params (/home/seniorko/nodevenv/test/16/lib/node_modules/express/lib/router/index.js:335:12)
    at next (/home/seniorko/nodevenv/test/16/lib/node_modules/express/lib/router/index.js:275:10)
    at /home/seniorko/test/app.js:59:3
    at Layer.handle [as handle_request] (/home/seniorko/nodevenv/test/16/lib/node_modules/express/lib/router/layer.js:95:5)
Error: Failed to lookup view "error" in views directory "/home/seniorko/test/views"
    at Function.render (/home/seniorko/nodevenv/test/16/lib/node_modules/express/lib/application.js:580:17)
    at ServerResponse.render (/home/seniorko/nodevenv/test/16/lib/node_modules/express/lib/response.js:1008:7)
    at /home/seniorko/test/app.js:70:7
    at Layer.handle_error (/home/seniorko/nodevenv/test/16/lib/node_modules/express/lib/router/layer.js:71:5)
    at trim_prefix (/home/seniorko/nodevenv/test/16/lib/node_modules/express/lib/router/index.js:315:13)
    at /home/seniorko/nodevenv/test/16/lib/node_modules/express/lib/router/index.js:284:7
    at Function.process_params (/home/seniorko/nodevenv/test/16/lib/node_modules/express/lib/router/index.js:335:12)
    at next (/home/seniorko/nodevenv/test/16/lib/node_modules/express/lib/router/index.js:275:10)
    at /home/seniorko/test/app.js:59:3
    at Layer.handle [as handle_request] (/home/seniorko/nodevenv/test/16/lib/node_modules/express/lib/router/layer.js:95:5)
Error: Failed to lookup view "error" in views directory "/home/seniorko/test/views"
    at Function.render (/home/seniorko/nodevenv/test/16/lib/node_modules/express/lib/application.js:580:17)
    at ServerResponse.render (/home/seniorko/nodevenv/test/16/lib/node_modules/express/lib/response.js:1008:7)
    at /home/seniorko/test/app.js:70:7
    at Layer.handle_error (/home/seniorko/nodevenv/test/16/lib/node_modules/express/lib/router/layer.js:71:5)
    at trim_prefix (/home/seniorko/nodevenv/test/16/lib/node_modules/express/lib/router/index.js:315:13)
    at /home/seniorko/nodevenv/test/16/lib/node_modules/express/lib/router/index.js:284:7
    at Function.process_params (/home/seniorko/nodevenv/test/16/lib/node_modules/express/lib/router/index.js:335:12)
    at next (/home/seniorko/nodevenv/test/16/lib/node_modules/express/lib/router/index.js:275:10)
    at /home/seniorko/test/app.js:59:3
    at Layer.handle [as handle_request] (/home/seniorko/nodevenv/test/16/lib/node_modules/express/lib/router/layer.js:95:5)
Error: Failed to lookup view "error" in views directory "/home/seniorko/test/views"
    at Function.render (/home/seniorko/nodevenv/test/16/lib/node_modules/express/lib/application.js:580:17)
    at ServerResponse.render (/home/seniorko/nodevenv/test/16/lib/node_modules/express/lib/response.js:1008:7)
    at /home/seniorko/test/app.js:70:7
    at Layer.handle_error (/home/seniorko/nodevenv/test/16/lib/node_modules/express/lib/router/layer.js:71:5)
    at trim_prefix (/home/seniorko/nodevenv/test/16/lib/node_modules/express/lib/router/index.js:315:13)
    at /home/seniorko/nodevenv/test/16/lib/node_modules/express/lib/router/index.js:284:7
    at Function.process_params (/home/seniorko/nodevenv/test/16/lib/node_modules/express/lib/router/index.js:335:12)
    at next (/home/seniorko/nodevenv/test/16/lib/node_modules/express/lib/router/index.js:275:10)
    at /home/seniorko/test/app.js:59:3
    at Layer.handle [as handle_request] (/home/seniorko/nodevenv/test/16/lib/node_modules/express/lib/router/layer.js:95:5)
Error: Failed to lookup view "error" in views directory "/home/seniorko/test/views"
    at Function.render (/home/seniorko/nodevenv/test/16/lib/node_modules/express/lib/application.js:580:17)
    at ServerResponse.render (/home/seniorko/nodevenv/test/16/lib/node_modules/express/lib/response.js:1008:7)
    at /home/seniorko/test/app.js:70:7
    at Layer.handle_error (/home/seniorko/nodevenv/test/16/lib/node_modules/express/lib/router/layer.js:71:5)
    at trim_prefix (/home/seniorko/nodevenv/test/16/lib/node_modules/express/lib/router/index.js:315:13)
    at /home/seniorko/nodevenv/test/16/lib/node_modules/express/lib/router/index.js:284:7
    at Function.process_params (/home/seniorko/nodevenv/test/16/lib/node_modules/express/lib/router/index.js:335:12)
    at next (/home/seniorko/nodevenv/test/16/lib/node_modules/express/lib/router/index.js:275:10)
    at /home/seniorko/test/app.js:59:3
    at Layer.handle [as handle_request] (/home/seniorko/nodevenv/test/16/lib/node_modules/express/lib/router/layer.js:95:5)
Error: Failed to lookup view "error" in views directory "/home/seniorko/test/views"
    at Function.render (/home/seniorko/nodevenv/test/16/lib/node_modules/express/lib/application.js:580:17)
    at ServerResponse.render (/home/seniorko/nodevenv/test/16/lib/node_modules/express/lib/response.js:1008:7)
    at /home/seniorko/test/app.js:70:7
    at Layer.handle_error (/home/seniorko/nodevenv/test/16/lib/node_modules/express/lib/router/layer.js:71:5)
    at trim_prefix (/home/seniorko/nodevenv/test/16/lib/node_modules/express/lib/router/index.js:315:13)
    at /home/seniorko/nodevenv/test/16/lib/node_modules/express/lib/router/index.js:284:7
    at Function.process_params (/home/seniorko/nodevenv/test/16/lib/node_modules/express/lib/router/index.js:335:12)
    at next (/home/seniorko/nodevenv/test/16/lib/node_modules/express/lib/router/index.js:275:10)
    at /home/seniorko/test/app.js:59:3
    at Layer.handle [as handle_request] (/home/seniorko/nodevenv/test/16/lib/node_modules/express/lib/router/layer.js:95:5)
Error: Failed to lookup view "error" in views directory "/home/seniorko/test/views"
    at Function.render (/home/seniorko/nodevenv/test/16/lib/node_modules/express/lib/application.js:580:17)
    at ServerResponse.render (/home/seniorko/nodevenv/test/16/lib/node_modules/express/lib/response.js:1008:7)
    at /home/seniorko/test/app.js:70:7
    at Layer.handle_error (/home/seniorko/nodevenv/test/16/lib/node_modules/express/lib/router/layer.js:71:5)
    at trim_prefix (/home/seniorko/nodevenv/test/16/lib/node_modules/express/lib/router/index.js:315:13)
    at /home/seniorko/nodevenv/test/16/lib/node_modules/express/lib/router/index.js:284:7
    at Function.process_params (/home/seniorko/nodevenv/test/16/lib/node_modules/express/lib/router/index.js:335:12)
    at next (/home/seniorko/nodevenv/test/16/lib/node_modules/express/lib/router/index.js:275:10)
    at /home/seniorko/test/app.js:59:3
    at Layer.handle [as handle_request] (/home/seniorko/nodevenv/test/16/lib/node_modules/express/lib/router/layer.js:95:5)
Error: Failed to lookup view "error" in views directory "/home/seniorko/test/views"
    at Function.render (/home/seniorko/nodevenv/test/16/lib/node_modules/express/lib/application.js:580:17)
    at ServerResponse.render (/home/seniorko/nodevenv/test/16/lib/node_modules/express/lib/response.js:1008:7)
    at /home/seniorko/test/app.js:70:7
    at Layer.handle_error (/home/seniorko/nodevenv/test/16/lib/node_modules/express/lib/router/layer.js:71:5)
    at trim_prefix (/home/seniorko/nodevenv/test/16/lib/node_modules/express/lib/router/index.js:315:13)
    at /home/seniorko/nodevenv/test/16/lib/node_modules/express/lib/router/index.js:284:7
    at Function.process_params (/home/seniorko/nodevenv/test/16/lib/node_modules/express/lib/router/index.js:335:12)
    at next (/home/seniorko/nodevenv/test/16/lib/node_modules/express/lib/router/index.js:275:10)
    at /home/seniorko/test/app.js:59:3
    at Layer.handle [as handle_request] (/home/seniorko/nodevenv/test/16/lib/node_modules/express/lib/router/layer.js:95:5)
Error: Failed to lookup view "error" in views directory "/home/seniorko/test/views"
    at Function.render (/home/seniorko/nodevenv/test/16/lib/node_modules/express/lib/application.js:580:17)
    at ServerResponse.render (/home/seniorko/nodevenv/test/16/lib/node_modules/express/lib/response.js:1008:7)
    at /home/seniorko/test/app.js:70:7
    at Layer.handle_error (/home/seniorko/nodevenv/test/16/lib/node_modules/express/lib/router/layer.js:71:5)
    at trim_prefix (/home/seniorko/nodevenv/test/16/lib/node_modules/express/lib/router/index.js:315:13)
    at /home/seniorko/nodevenv/test/16/lib/node_modules/express/lib/router/index.js:284:7
    at Function.process_params (/home/seniorko/nodevenv/test/16/lib/node_modules/express/lib/router/index.js:335:12)
    at next (/home/seniorko/nodevenv/test/16/lib/node_modules/express/lib/router/index.js:275:10)
    at /home/seniorko/test/app.js:59:3
    at Layer.handle [as handle_request] (/home/seniorko/nodevenv/test/16/lib/node_modules/express/lib/router/layer.js:95:5)
Error: Failed to lookup view "error" in views directory "/home/seniorko/test/views"
    at Function.render (/home/seniorko/nodevenv/test/16/lib/node_modules/express/lib/application.js:580:17)
    at ServerResponse.render (/home/seniorko/nodevenv/test/16/lib/node_modules/express/lib/response.js:1008:7)
    at /home/seniorko/test/app.js:70:7
    at Layer.handle_error (/home/seniorko/nodevenv/test/16/lib/node_modules/express/lib/router/layer.js:71:5)
    at trim_prefix (/home/seniorko/nodevenv/test/16/lib/node_modules/express/lib/router/index.js:315:13)
    at /home/seniorko/nodevenv/test/16/lib/node_modules/express/lib/router/index.js:284:7
    at Function.process_params (/home/seniorko/nodevenv/test/16/lib/node_modules/express/lib/router/index.js:335:12)
    at next (/home/seniorko/nodevenv/test/16/lib/node_modules/express/lib/router/index.js:275:10)
    at /home/seniorko/test/app.js:59:3
    at Layer.handle [as handle_request] (/home/seniorko/nodevenv/test/16/lib/node_modules/express/lib/router/layer.js:95:5)
Error: Failed to lookup view "error" in views directory "/home/seniorko/test/views"
    at Function.render (/home/seniorko/nodevenv/test/16/lib/node_modules/express/lib/application.js:580:17)
    at ServerResponse.render (/home/seniorko/nodevenv/test/16/lib/node_modules/express/lib/response.js:1008:7)
    at /home/seniorko/test/app.js:70:7
    at Layer.handle_error (/home/seniorko/nodevenv/test/16/lib/node_modules/express/lib/router/layer.js:71:5)
    at trim_prefix (/home/seniorko/nodevenv/test/16/lib/node_modules/express/lib/router/index.js:315:13)
    at /home/seniorko/nodevenv/test/16/lib/node_modules/express/lib/router/index.js:284:7
    at Function.process_params (/home/seniorko/nodevenv/test/16/lib/node_modules/express/lib/router/index.js:335:12)
    at next (/home/seniorko/nodevenv/test/16/lib/node_modules/express/lib/router/index.js:275:10)
    at /home/seniorko/test/app.js:59:3
    at Layer.handle [as handle_request] (/home/seniorko/nodevenv/test/16/lib/node_modules/express/lib/router/layer.js:95:5)
Error: Failed to lookup view "error" in views directory "/home/seniorko/test/views"
    at Function.render (/home/seniorko/nodevenv/test/16/lib/node_modules/express/lib/application.js:580:17)
    at ServerResponse.render (/home/seniorko/nodevenv/test/16/lib/node_modules/express/lib/response.js:1008:7)
    at /home/seniorko/test/app.js:70:7
    at Layer.handle_error (/home/seniorko/nodevenv/test/16/lib/node_modules/express/lib/router/layer.js:71:5)
    at trim_prefix (/home/seniorko/nodevenv/test/16/lib/node_modules/express/lib/router/index.js:315:13)
    at /home/seniorko/nodevenv/test/16/lib/node_modules/express/lib/router/index.js:284:7
    at Function.process_params (/home/seniorko/nodevenv/test/16/lib/node_modules/express/lib/router/index.js:335:12)
    at next (/home/seniorko/nodevenv/test/16/lib/node_modules/express/lib/router/index.js:275:10)
    at /home/seniorko/test/app.js:59:3
    at Layer.handle [as handle_request] (/home/seniorko/nodevenv/test/16/lib/node_modules/express/lib/router/layer.js:95:5)
Error: Failed to lookup view "error" in views directory "/home/seniorko/test/views"
    at Function.render (/home/seniorko/nodevenv/test/16/lib/node_modules/express/lib/application.js:580:17)
    at ServerResponse.render (/home/seniorko/nodevenv/test/16/lib/node_modules/express/lib/response.js:1008:7)
    at /home/seniorko/test/app.js:70:7
    at Layer.handle_error (/home/seniorko/nodevenv/test/16/lib/node_modules/express/lib/router/layer.js:71:5)
    at trim_prefix (/home/seniorko/nodevenv/test/16/lib/node_modules/express/lib/router/index.js:315:13)
    at /home/seniorko/nodevenv/test/16/lib/node_modules/express/lib/router/index.js:284:7
    at Function.process_params (/home/seniorko/nodevenv/test/16/lib/node_modules/express/lib/router/index.js:335:12)
    at next (/home/seniorko/nodevenv/test/16/lib/node_modules/express/lib/router/index.js:275:10)
    at /home/seniorko/test/app.js:59:3
    at Layer.handle [as handle_request] (/home/seniorko/nodevenv/test/16/lib/node_modules/express/lib/router/layer.js:95:5)
